Using pre-set license
Built from '2021.1/china_unity/release' branch; Version is '2021.1.7f1c1 (4e944ebb9621) revision 5149774'; Using compiler version '192528614'; Build Type 'Release'
OS: 'Windows 10 Home China; OS build 19042.1110; Version 2009; 64bit' Language: 'zh' Physical Memory: 16191 MB
BatchMode: 1, IsHumanControllingUs: 0, StartBugReporterOnCrash: 0, Is64bit: 1, IsPro: 0

 COMMAND LINE ARGUMENTS:
C:\Program Files\Unity 2021.1.7f1c1\Editor\Unity.exe
-adb2
-batchMode
-noUpm
-name
AssetImportWorker0
-projectPath
C:/Users/Yongp/Desktop/Unity/Incantation
-logFile
Logs/AssetImportWorker0.log
-srvPort
50810
Successfully changed project path to: C:/Users/Yongp/Desktop/Unity/Incantation
C:/Users/Yongp/Desktop/Unity/Incantation
Using Asset Import Pipeline V2.
Refreshing native plugins compatible for Editor in 76.38 ms, found 1 plugins.
Preloading 0 native plugins for Editor in 0.00 ms.
Initialize engine version: 2021.1.7f1c1 (4e944ebb9621)
[Subsystems] Discovering subsystems at path C:/Program Files/Unity 2021.1.7f1c1/Editor/Data/Resources/UnitySubsystems
[Subsystems] Discovering subsystems at path C:/Users/Yongp/Desktop/Unity/Incantation/Assets
GfxDevice: creating device client; threaded=0; jobified=0
Direct3D:
    Version:  Direct3D 11.0 [level 11.1]
    Renderer: NVIDIA GeForce MX250 (ID=0x1d13)
    Vendor:   NVIDIA
    VRAM:     1983 MB
    Driver:   27.21.14.6231
Initialize mono
Mono path[0] = 'C:/Program Files/Unity 2021.1.7f1c1/Editor/Data/Managed'
Mono path[1] = 'C:/Program Files/Unity 2021.1.7f1c1/Editor/Data/MonoBleedingEdge/lib/mono/unityjit'
Mono config path = 'C:/Program Files/Unity 2021.1.7f1c1/Editor/Data/MonoBleedingEdge/etc'
Using monoOptions --debugger-agent=transport=dt_socket,embedding=1,server=y,suspend=n,address=127.0.0.1:56348
Begin MonoManager ReloadAssembly
Registering precompiled unity dll's ...
Register platform support module: C:/Program Files/Unity 2021.1.7f1c1/Editor/Data/PlaybackEngines/WindowsStandaloneSupport/UnityEditor.WindowsStandalone.Extensions.dll
Registered in 0.001721 seconds.
Native extension for WindowsStandalone target not found
Refreshing native plugins compatible for Editor in 77.04 ms, found 1 plugins.
Preloading 0 native plugins for Editor in 0.00 ms.
Mono: successfully reloaded assembly
- Completed reload, in  1.003 seconds
Platform modules already initialized, skipping
Registering precompiled user dll's ...
Registered in 0.005779 seconds.
Begin MonoManager ReloadAssembly
Symbol file LoadedFromMemory doesn't match image C:\Users\Yongp\Desktop\Unity\Incantation\Library\PackageCache\com.unity.visualscripting@1.6.1\Editor\VisualScripting.Core\Dependencies\YamlDotNet\Unity.VisualScripting.YamlDotNet.dll
Symbol file LoadedFromMemory doesn't match image C:\Users\Yongp\Desktop\Unity\Incantation\Library\PackageCache\com.unity.visualscripting@1.6.1\Editor\VisualScripting.Core\Dependencies\DotNetZip\Unity.VisualScripting.IonicZip.dll
Native extension for WindowsStandalone target not found
Refreshing native plugins compatible for Editor in 0.81 ms, found 1 plugins.
Preloading 0 native plugins for Editor in 0.00 ms.
Mono: successfully reloaded assembly
- Completed reload, in  1.506 seconds
Platform modules already initialized, skipping
========================================================================
Worker process is ready to serve import requests
Launched and connected shader compiler UnityShaderCompiler.exe after 0.05 seconds
Refreshing native plugins compatible for Editor in 0.66 ms, found 1 plugins.
Preloading 0 native plugins for Editor in 0.00 ms.
Unloading 3097 Unused Serialized files (Serialized files now loaded: 0)
System memory in use before: 123.2 MB.
System memory in use after: 123.4 MB.

Unloading 20 unused Assets to reduce memory usage. Loaded Objects now: 3565.
Total: 2.605800 ms (FindLiveObjects: 0.332400 ms CreateObjectMapping: 0.227300 ms MarkObjects: 1.964000 ms  DeleteObjects: 0.080700 ms)

========================================================================
Received Import Request.
  path: Assets/Prefabs/AIThirdPersonController.prefab
  artifactKey: Guid(54eb5844754051b40a918a84c33b7c1a) Importer(815301076,1909f56bfc062723c751e8b465ee728b)
Start importing Assets/Prefabs/AIThirdPersonController.prefab using Guid(54eb5844754051b40a918a84c33b7c1a) Importer(815301076,1909f56bfc062723c751e8b465ee728b)  -> (artifact id: '4d780b2347b35290055398548df6927c') in 0.060482 seconds 
========================================================================
Received Import Request.
  Time since last request: 232.862236 seconds.
  path: Assets/Prefabs/ThirdPersonController.prefab
  artifactKey: Guid(7737647c22c1fc64a88d5cd030c352ce) Importer(815301076,1909f56bfc062723c751e8b465ee728b)
Start importing Assets/Prefabs/ThirdPersonController.prefab using Guid(7737647c22c1fc64a88d5cd030c352ce) Importer(815301076,1909f56bfc062723c751e8b465ee728b)  -> (artifact id: '6575a64c41b8f86c75d8b1c18862dd28') in 0.007341 seconds 
========================================================================
Received Import Request.
  Time since last request: 6.068065 seconds.
  path: Assets/Prefabs/README.md
  artifactKey: Guid(ff3d70c872cae8c44a120475735d1c42) Importer(815301076,1909f56bfc062723c751e8b465ee728b)
Start importing Assets/Prefabs/README.md using Guid(ff3d70c872cae8c44a120475735d1c42) Importer(815301076,1909f56bfc062723c751e8b465ee728b)  -> (artifact id: '8ea24c7c76118015ef2dc1f90ce84352') in 0.014768 seconds 
========================================================================
Received Import Request.
  Time since last request: 0.286265 seconds.
  path: Assets/Prefabs/Cameras
  artifactKey: Guid(bfb03fc111ea59c41a87846870da0be9) Importer(815301076,1909f56bfc062723c751e8b465ee728b)
Start importing Assets/Prefabs/Cameras using Guid(bfb03fc111ea59c41a87846870da0be9) Importer(815301076,1909f56bfc062723c751e8b465ee728b)  -> (artifact id: 'd8e136c06e450cf2e4e92f0dc90d1715') in 0.008555 seconds 
========================================================================
Received Import Request.
  Time since last request: 7422.609065 seconds.
  path: Assets/Material/EthanGrey.mat
  artifactKey: Guid(621e901dcf5ebaf46bce29d18f67194c) Importer(815301076,1909f56bfc062723c751e8b465ee728b)
Start importing Assets/Material/EthanGrey.mat using Guid(621e901dcf5ebaf46bce29d18f67194c) Importer(815301076,1909f56bfc062723c751e8b465ee728b)  -> (artifact id: 'b2d463c4f52a0425caa3fdec2e089dab') in 0.233107 seconds 
========================================================================
Received Import Request.
  Time since last request: 0.000304 seconds.
  path: Assets/Material/EthanWhite.mat
  artifactKey: Guid(f62b52b2d4b721742a0bc5c6b4db468d) Importer(815301076,1909f56bfc062723c751e8b465ee728b)
Start importing Assets/Material/EthanWhite.mat using Guid(f62b52b2d4b721742a0bc5c6b4db468d) Importer(815301076,1909f56bfc062723c751e8b465ee728b)  -> (artifact id: '2b17a96c9bd7e93e0a4b181ff7cb5082') in 0.009668 seconds 
========================================================================
Received Import Request.
  Time since last request: 10.832418 seconds.
  path: Assets/Art/Material/EthanGrey.mat
  artifactKey: Guid(1dae2ff45b3fbd54aaa27b169b9126cf) Importer(815301076,1909f56bfc062723c751e8b465ee728b)
Start importing Assets/Art/Material/EthanGrey.mat using Guid(1dae2ff45b3fbd54aaa27b169b9126cf) Importer(815301076,1909f56bfc062723c751e8b465ee728b)  -> (artifact id: 'aee0c2f6465115d9e5d70f3b22a0e923') in 0.012814 seconds 
========================================================================
Received Import Request.
  Time since last request: 0.000587 seconds.
  path: Assets/Art/Material/RollerBallWhite.mat
  artifactKey: Guid(4b5dce0492bdfb648a389fe390071625) Importer(815301076,1909f56bfc062723c751e8b465ee728b)
Start importing Assets/Art/Material/RollerBallWhite.mat using Guid(4b5dce0492bdfb648a389fe390071625) Importer(815301076,1909f56bfc062723c751e8b465ee728b)  -> (artifact id: '7d867b55ef930ba33b672dacc043f435') in 0.014385 seconds 
========================================================================
Received Import Request.
  Time since last request: 0.000339 seconds.
  path: Assets/Art/Material/RollerBallGrey.mat
  artifactKey: Guid(6fd099d339b4ae34692c8258e4f87531) Importer(815301076,1909f56bfc062723c751e8b465ee728b)
Start importing Assets/Art/Material/RollerBallGrey.mat using Guid(6fd099d339b4ae34692c8258e4f87531) Importer(815301076,1909f56bfc062723c751e8b465ee728b)  -> (artifact id: '9a2d1dba10a11b8dd374f32842cbeb56') in 0.013325 seconds 
========================================================================
Received Import Request.
  Time since last request: 0.000271 seconds.
  path: Assets/Art/Material/EthanWhite.mat
  artifactKey: Guid(6d26e1d5d03f78a4b83bb13e05fd2536) Importer(815301076,1909f56bfc062723c751e8b465ee728b)
Start importing Assets/Art/Material/EthanWhite.mat using Guid(6d26e1d5d03f78a4b83bb13e05fd2536) Importer(815301076,1909f56bfc062723c751e8b465ee728b)  -> (artifact id: 'c5d9792d9b3e1456b109533576f487ed') in 0.013116 seconds 
========================================================================
Received Import Request.
  Time since last request: 160.066498 seconds.
  path: Assets/Prefabs/EthanGrey.mat
  artifactKey: Guid(1dae2ff45b3fbd54aaa27b169b9126cf) Importer(815301076,1909f56bfc062723c751e8b465ee728b)
Start importing Assets/Prefabs/EthanGrey.mat using Guid(1dae2ff45b3fbd54aaa27b169b9126cf) Importer(815301076,1909f56bfc062723c751e8b465ee728b)  -> (artifact id: 'db8fbcd0c962f74867a09a35f793b8a7') in 0.011600 seconds 
========================================================================
Received Import Request.
  Time since last request: 58.076353 seconds.
  path: Assets/Art/Texture/RollerBallAlbedo.png
  artifactKey: Guid(4b42c70f54fe4f24d84cdc651f46c005) Importer(815301076,1909f56bfc062723c751e8b465ee728b)
Start importing Assets/Art/Texture/RollerBallAlbedo.png using Guid(4b42c70f54fe4f24d84cdc651f46c005) Importer(815301076,1909f56bfc062723c751e8b465ee728b)  -> (artifact id: 'd236a380231b1dde48834fc726e0b5e0') in 0.034329 seconds 
========================================================================
Received Import Request.
  Time since last request: 0.000230 seconds.
  path: Assets/Art/Texture/RollerBallSpecularGloss.png
  artifactKey: Guid(7700d93a317c89246a647c7a6c3e7399) Importer(815301076,1909f56bfc062723c751e8b465ee728b)
Start importing Assets/Art/Texture/RollerBallSpecularGloss.png using Guid(7700d93a317c89246a647c7a6c3e7399) Importer(815301076,1909f56bfc062723c751e8b465ee728b)  -> (artifact id: 'ae571be466d6a506d0ee1a4ef6075437') in 0.009408 seconds 
========================================================================
Received Import Request.
  Time since last request: 18.174362 seconds.
  path: Assets/Prefabs/Cameras/Prefabs/CctvCamera.prefab
  artifactKey: Guid(815e6b0c70cb6424ca507ff082c24673) Importer(815301076,1909f56bfc062723c751e8b465ee728b)
Start importing Assets/Prefabs/Cameras/Prefabs/CctvCamera.prefab using Guid(815e6b0c70cb6424ca507ff082c24673) Importer(815301076,1909f56bfc062723c751e8b465ee728b)  -> (artifact id: '8eea4d0885e645d7dd569f407a9296f0') in 0.006125 seconds 
========================================================================
Received Import Request.
  Time since last request: 0.000187 seconds.
  path: Assets/Prefabs/Cameras/Prefabs/FreeLookCameraRig.prefab
  artifactKey: Guid(b678547655454874bb8287f2febd8d66) Importer(815301076,1909f56bfc062723c751e8b465ee728b)
Start importing Assets/Prefabs/Cameras/Prefabs/FreeLookCameraRig.prefab using Guid(b678547655454874bb8287f2febd8d66) Importer(815301076,1909f56bfc062723c751e8b465ee728b)  -> (artifact id: '1b150470ef4cfe05bda7fd45c881375a') in 0.005022 seconds 
========================================================================
Received Import Request.
  Time since last request: 0.000237 seconds.
  path: Assets/Prefabs/Cameras/Prefabs/HandheldCamera.prefab
  artifactKey: Guid(c30a9996bc7a97445ae36e9febd64d3b) Importer(815301076,1909f56bfc062723c751e8b465ee728b)
Start importing Assets/Prefabs/Cameras/Prefabs/HandheldCamera.prefab using Guid(c30a9996bc7a97445ae36e9febd64d3b) Importer(815301076,1909f56bfc062723c751e8b465ee728b)  -> (artifact id: 'a9a5c1a6fe8873fd0ca4c60c4cf30549') in 0.004624 seconds 
========================================================================
Received Import Request.
  Time since last request: 0.000316 seconds.
  path: Assets/Prefabs/Cameras/Prefabs/MultipurposeCameraRig.prefab
  artifactKey: Guid(8e2f895c9e70c2a439e9006a7185c8af) Importer(815301076,1909f56bfc062723c751e8b465ee728b)
Start importing Assets/Prefabs/Cameras/Prefabs/MultipurposeCameraRig.prefab using Guid(8e2f895c9e70c2a439e9006a7185c8af) Importer(815301076,1909f56bfc062723c751e8b465ee728b)  -> (artifact id: '441108679f317577d16a58385f1e5500') in 0.005740 seconds 
========================================================================
Received Import Request.
  Time since last request: 68.752662 seconds.
  path: Assets/Prefabs/ThirdPersonController.prefab
  artifactKey: Guid(7737647c22c1fc64a88d5cd030c352ce) Importer(815301076,1909f56bfc062723c751e8b465ee728b)
Start importing Assets/Prefabs/ThirdPersonController.prefab using Guid(7737647c22c1fc64a88d5cd030c352ce) Importer(815301076,1909f56bfc062723c751e8b465ee728b)  -> (artifact id: '4f457a5f8b5543e534f796afd5132acd') in 0.006643 seconds 
========================================================================
Received Import Request.
  Time since last request: 6.074593 seconds.
  path: Assets/Prefabs/ThirdPersonController.prefab
  artifactKey: Guid(7737647c22c1fc64a88d5cd030c352ce) Importer(815301076,1909f56bfc062723c751e8b465ee728b)
Start importing Assets/Prefabs/ThirdPersonController.prefab using Guid(7737647c22c1fc64a88d5cd030c352ce) Importer(815301076,1909f56bfc062723c751e8b465ee728b)  -> (artifact id: '29cf8881ee5637ba7ed2fca5405911b0') in 0.005235 seconds 
========================================================================
Received Import Request.
  Time since last request: 287.673113 seconds.
  path: Assets/Prefabs/AIThirdPersonController.prefab
  artifactKey: Guid(54eb5844754051b40a918a84c33b7c1a) Importer(815301076,1909f56bfc062723c751e8b465ee728b)
Start importing Assets/Prefabs/AIThirdPersonController.prefab using Guid(54eb5844754051b40a918a84c33b7c1a) Importer(815301076,1909f56bfc062723c751e8b465ee728b)  -> (artifact id: '20273d8dbafb47d37d4adbada49958c1') in 0.005776 seconds 
========================================================================
Received Import Request.
  Time since last request: 5.074046 seconds.
  path: Assets/Prefabs/ThirdPersonController.prefab
  artifactKey: Guid(7737647c22c1fc64a88d5cd030c352ce) Importer(815301076,1909f56bfc062723c751e8b465ee728b)
Start importing Assets/Prefabs/ThirdPersonController.prefab using Guid(7737647c22c1fc64a88d5cd030c352ce) Importer(815301076,1909f56bfc062723c751e8b465ee728b)  -> (artifact id: 'c1aedb962492d1f36360a5349ff9a9e8') in 0.005919 seconds 
========================================================================
Received Import Request.
  Time since last request: 177.429706 seconds.
  path: Assets/Art/Models/RollerBall.fbx
  artifactKey: Guid(d05d496cb4f43c14e80630addd23652e) Importer(815301076,1909f56bfc062723c751e8b465ee728b)
Start importing Assets/Art/Models/RollerBall.fbx using Guid(d05d496cb4f43c14e80630addd23652e) Importer(815301076,1909f56bfc062723c751e8b465ee728b)  -> (artifact id: '3a210ecb37e9a90d24bc9ac86e925b72') in 0.057300 seconds 
========================================================================
Received Prepare
Registering precompiled user dll's ...
Registered in 0.004927 seconds.
Begin MonoManager ReloadAssembly
Symbol file LoadedFromMemory doesn't match image C:\Users\Yongp\Desktop\Unity\Incantation\Library\PackageCache\com.unity.visualscripting@1.6.1\Editor\VisualScripting.Core\Dependencies\YamlDotNet\Unity.VisualScripting.YamlDotNet.dll
Symbol file LoadedFromMemory doesn't match image C:\Users\Yongp\Desktop\Unity\Incantation\Library\PackageCache\com.unity.visualscripting@1.6.1\Editor\VisualScripting.Core\Dependencies\DotNetZip\Unity.VisualScripting.IonicZip.dll
Native extension for WindowsStandalone target not found
Refreshing native plugins compatible for Editor in 0.52 ms, found 1 plugins.
Preloading 0 native plugins for Editor in 0.00 ms.
Mono: successfully reloaded assembly
- Completed reload, in  1.186 seconds
Platform modules already initialized, skipping
Refreshing native plugins compatible for Editor in 0.67 ms, found 1 plugins.
Preloading 0 native plugins for Editor in 0.00 ms.
Unloading 3091 Unused Serialized files (Serialized files now loaded: 0)
System memory in use before: 128.4 MB.
System memory in use after: 128.6 MB.

Unloading 15 unused Assets to reduce memory usage. Loaded Objects now: 3643.
Total: 2.583000 ms (FindLiveObjects: 0.326100 ms CreateObjectMapping: 0.190100 ms MarkObjects: 2.038300 ms  DeleteObjects: 0.027100 ms)

========================================================================
Received Import Request.
  Time since last request: 219.421728 seconds.
  path: Assets/Prefabs/ThirdPersonController.prefab
  artifactKey: Guid(7737647c22c1fc64a88d5cd030c352ce) Importer(815301076,1909f56bfc062723c751e8b465ee728b)
Start importing Assets/Prefabs/ThirdPersonController.prefab using Guid(7737647c22c1fc64a88d5cd030c352ce) Importer(815301076,1909f56bfc062723c751e8b465ee728b)  -> (artifact id: '2034435cc159af3fc354039d3f2273c7') in 0.046048 seconds 
========================================================================
Received Import Request.
  Time since last request: 120.134800 seconds.
  path: Assets/Prefabs/ThirdPersonController.prefab
  artifactKey: Guid(7737647c22c1fc64a88d5cd030c352ce) Importer(815301076,1909f56bfc062723c751e8b465ee728b)
Start importing Assets/Prefabs/ThirdPersonController.prefab using Guid(7737647c22c1fc64a88d5cd030c352ce) Importer(815301076,1909f56bfc062723c751e8b465ee728b)  -> (artifact id: '7ad321ed8cb2a0a23a9480729efd415b') in 0.065549 seconds 
========================================================================
Received Import Request.
  Time since last request: 44.502701 seconds.
  path: Assets/Prefabs/ThirdPersonController.prefab
  artifactKey: Guid(7737647c22c1fc64a88d5cd030c352ce) Importer(815301076,1909f56bfc062723c751e8b465ee728b)
Start importing Assets/Prefabs/ThirdPersonController.prefab using Guid(7737647c22c1fc64a88d5cd030c352ce) Importer(815301076,1909f56bfc062723c751e8b465ee728b)  -> (artifact id: '80512c952c512efdf15a500077441f56') in 0.021909 seconds 
========================================================================
Received Import Request.
  Time since last request: 97.343741 seconds.
  path: Assets/Material/EthanGrey.mat
  artifactKey: Guid(1dae2ff45b3fbd54aaa27b169b9126cf) Importer(815301076,1909f56bfc062723c751e8b465ee728b)
Start importing Assets/Material/EthanGrey.mat using Guid(1dae2ff45b3fbd54aaa27b169b9126cf) Importer(815301076,1909f56bfc062723c751e8b465ee728b)  -> (artifact id: '91f715b3837cf89c49f20113fc3cda08') in 0.022763 seconds 
========================================================================
Received Prepare
Registering precompiled user dll's ...
Registered in 0.006988 seconds.
Begin MonoManager ReloadAssembly
Symbol file LoadedFromMemory doesn't match image C:\Users\Yongp\Desktop\Unity\Incantation\Library\PackageCache\com.unity.visualscripting@1.6.1\Editor\VisualScripting.Core\Dependencies\YamlDotNet\Unity.VisualScripting.YamlDotNet.dll
Symbol file LoadedFromMemory doesn't match image C:\Users\Yongp\Desktop\Unity\Incantation\Library\PackageCache\com.unity.visualscripting@1.6.1\Editor\VisualScripting.Core\Dependencies\DotNetZip\Unity.VisualScripting.IonicZip.dll
Native extension for WindowsStandalone target not found
Refreshing native plugins compatible for Editor in 0.54 ms, found 1 plugins.
Preloading 0 native plugins for Editor in 0.00 ms.
Mono: successfully reloaded assembly
- Completed reload, in  1.149 seconds
Platform modules already initialized, skipping
Refreshing native plugins compatible for Editor in 0.59 ms, found 1 plugins.
Preloading 0 native plugins for Editor in 0.00 ms.
Unloading 3089 Unused Serialized files (Serialized files now loaded: 0)
System memory in use before: 142.2 MB.
System memory in use after: 142.4 MB.

Unloading 15 unused Assets to reduce memory usage. Loaded Objects now: 3648.
Total: 2.154300 ms (FindLiveObjects: 0.310900 ms CreateObjectMapping: 0.157200 ms MarkObjects: 1.668700 ms  DeleteObjects: 0.016500 ms)

========================================================================
Received Import Request.
  Time since last request: 197.767216 seconds.
  path: Assets/Prefabs/ThirdPersonController.prefab
  artifactKey: Guid(7737647c22c1fc64a88d5cd030c352ce) Importer(815301076,1909f56bfc062723c751e8b465ee728b)
Start importing Assets/Prefabs/ThirdPersonController.prefab using Guid(7737647c22c1fc64a88d5cd030c352ce) Importer(815301076,1909f56bfc062723c751e8b465ee728b)  -> (artifact id: '30e811340d74fc0acdaaeec07bb54484') in 0.092160 seconds 
